<?xml version="1.0" encoding="UTF-8"?>
<testsuite xmlns:xsi="http://www.w3.org/2001/XMLSchema-instance" xsi:noNamespaceSchemaLocation="https://maven.apache.org/surefire/maven-surefire-plugin/xsd/surefire-test-report-3.0.xsd" version="3.0" name="academy.tochkavhoda.figures.v2.TestRectangle" time="0.009" tests="17" errors="0" skipped="0" failures="0">
  <properties>
[...]
</properties>
  <testcase name="testSetCoordinates" classname="academy.tochkavhoda.figures.v2.TestRectangle" time="0.0"/>
  <testcase name="testPerimeterRectangle" classname="academy.tochkavhoda.figures.v2.TestRectangle" time="0.0"/>
  <testcase name="testIsRectangleInsideRectangle" classname="academy.tochkavhoda.figures.v2.TestRectangle" time="0.0"/>
  <testcase name="testResizeRectangle1" classname="academy.tochkavhoda.figures.v2.TestRectangle" time="0.001"/>
  <testcase name="testResizeRectangle2" classname="academy.tochkavhoda.figures.v2.TestRectangle" time="0.0"/>
  <testcase name="testRectangle1" classname="academy.tochkavhoda.figures.v2.TestRectangle" time="0.0"/>
  <testcase name="testRectangle2" classname="academy.tochkavhoda.figures.v2.TestRectangle" time="0.001"/>
  <testcase name="testRectangle3" classname="academy.tochkavhoda.figures.v2.TestRectangle" time="0.0"/>
  <testcase name="testRectangle4" classname="academy.tochkavhoda.figures.v2.TestRectangle" time="0.001"/>
  <testcase name="testMoveRectangle" classname="academy.tochkavhoda.figures.v2.TestRectangle" time="0.002"/>
  <testcase name="testIsPointInsideRectangle1" classname="academy.tochkavhoda.figures.v2.TestRectangle" time="0.0"/>
  <testcase name="testIsPointInsideRectangle2" classname="academy.tochkavhoda.figures.v2.TestRectangle" time="0.0"/>
  <testcase name="testStretchRectangle1" classname="academy.tochkavhoda.figures.v2.TestRectangle" time="0.0"/>
  <testcase name="testStretchRectangle2" classname="academy.tochkavhoda.figures.v2.TestRectangle" time="0.0"/>
  <testcase name="testAreaRectangle" classname="academy.tochkavhoda.figures.v2.TestRectangle" time="0.0"/>
  <testcase name="testEqualsRectangle" classname="academy.tochkavhoda.figures.v2.TestRectangle" time="0.0"/>
  <testcase name="testIsIntersectsRectangle" classname="academy.tochkavhoda.figures.v2.TestRectangle" time="0.001"/>
</testsuite>