<?xml version="1.0" encoding="UTF-8"?>
<testsuite xmlns:xsi="http://www.w3.org/2001/XMLSchema-instance" xsi:noNamespaceSchemaLocation="https://maven.apache.org/surefire/maven-surefire-plugin/xsd/surefire-test-report-3.0.xsd" version="3.0" name="academy.tochkavhoda.introduction.TestZeroSteps3" time="0.007" tests="23" errors="0" skipped="0" failures="0">
  <properties>
[...]
</properties>
  <testcase name="testAllEqual" classname="academy.tochkavhoda.introduction.TestZeroSteps3" time="0.0"/>
  <testcase name="testMax" classname="academy.tochkavhoda.introduction.TestZeroSteps3" time="0.001"/>
  <testcase name="testMin" classname="academy.tochkavhoda.introduction.TestZeroSteps3" time="0.0"/>
  <testcase name="testMul" classname="academy.tochkavhoda.introduction.TestZeroSteps3" time="0.0"/>
  <testcase name="testSum" classname="academy.tochkavhoda.introduction.TestZeroSteps3" time="0.0"/>
  <testcase name="testMerge" classname="academy.tochkavhoda.introduction.TestZeroSteps3" time="0.0"/>
  <testcase name="testCube" classname="academy.tochkavhoda.introduction.TestZeroSteps3" time="0.0"/>
  <testcase name="testAverage" classname="academy.tochkavhoda.introduction.TestZeroSteps3" time="0.001"/>
  <testcase name="testScalarProduct" classname="academy.tochkavhoda.introduction.TestZeroSteps3" time="0.0"/>
  <testcase name="testNeighboursAverage" classname="academy.tochkavhoda.introduction.TestZeroSteps3" time="0.001"/>
  <testcase name="testInsideCircle" classname="academy.tochkavhoda.introduction.TestZeroSteps3" time="0.0"/>
  <testcase name="testGreaterThanNeighbours" classname="academy.tochkavhoda.introduction.TestZeroSteps3" time="0.0"/>
  <testcase name="testSameAtPosition" classname="academy.tochkavhoda.introduction.TestZeroSteps3" time="0.0"/>
  <testcase name="testAccumulatedSum" classname="academy.tochkavhoda.introduction.TestZeroSteps3" time="0.001"/>
  <testcase name="testAllPositive" classname="academy.tochkavhoda.introduction.TestZeroSteps3" time="0.0"/>
  <testcase name="testIsPalindrome" classname="academy.tochkavhoda.introduction.TestZeroSteps3" time="0.0"/>
  <testcase name="testSortedDescendant" classname="academy.tochkavhoda.introduction.TestZeroSteps3" time="0.0"/>
  <testcase name="testReverse" classname="academy.tochkavhoda.introduction.TestZeroSteps3" time="0.001"/>
  <testcase name="testFindValue" classname="academy.tochkavhoda.introduction.TestZeroSteps3" time="0.0"/>
  <testcase name="testMulNonZero" classname="academy.tochkavhoda.introduction.TestZeroSteps3" time="0.0"/>
  <testcase name="testReplaceBySquare" classname="academy.tochkavhoda.introduction.TestZeroSteps3" time="0.0"/>
  <testcase name="testBothZeroAtPosition" classname="academy.tochkavhoda.introduction.TestZeroSteps3" time="0.0"/>
  <testcase name="testSumBetween2Zeros" classname="academy.tochkavhoda.introduction.TestZeroSteps3" time="0.0"/>
</testsuite>